361
0 812 2736 883 5195 3172
1 2560 6774 3592 3222 8738 1602
2 6606 8351 199 5159 2802 8460 3340
3 3838 8216 6253 6426 2719 4347
4 9364 1567
5 8740 6587 7769
6 4622 8872 3636 9820 1649 8198 5393
7 1992 2129 1982 4326 4779
8 488 3883 1611 8758 3561
9 5968 2590 3643
10 3787 6609 6765 5714 1260
11 4136 1711 2638
12 5427 7604 4649 8543 754 7846
13 5795 7066 5244 2111
14 4380
15 362 9428 5245
16 4859 7313 2082 8605 6263 4159 1344 5504 4714
17 7791 8566 518 2125
18 2491 8514 644 2879
19 9459 891 4991
20 5741 9856
21 1770
22 4251 1142
23 1960 6918 372 3150
24 2067 2669 5478 720 3650 4224 499 6353 8738 7540
25 7195 1049 2161 6467 2703
26 1123 22
27 655 93 2418
28 613
29 2212 6522 1494 8816 1457 5351 4684 7968
30 7986 9059
32 6057 1343 625
33 8595 1180
34 4913 6550 1827 6693
35 1304 9743 5332 8674
36 8157 1590 5850 634 3501 9367 7885 7021
37 2258 9929
38 2033 720 8410 1230
39 34 955 3904 4291
40 8169 1335 2339 3340 2676 1164 8793 4561
41 3005 2773 7327 5152 2622
42 765 1201 161 8163
43 3745 4970 4739 1554
44 8538 3287 9752 676 5422
45 6058 7223 3376 3751 9210
46 7486 757 7701 8193 3587
47 4728 5078 491 1161
48 1179 3084 2512 4349 4530 736 3741
49 6497
50 2693 6624 4134 2017 2610
51 4319 3807 5533 4390 9302 7121 1239
52 3977
53 2342 532
54 461 6917 673 2434 286
55 582 8943 9376 2417 4985 1032
56 8937 4450
57 3619 6547 5266 7870 4322
58 8859 8911 8147 2939 210
59 2858 3035 7493
60 1038
61 6636 5754 8943 4848
62 5715 7606 5282 3059 8486 7187 5007 8167
63 9248 6840 4312
64 8464 4083 6154 6010 4986 2757
65 2070 8311 8467
66 3510 2903 6531 169
68 524
69 6542 5797 7233 5563 3095 7122 304 7118 9161 4743
70 1767 1674
71 8481
72 5280 5073 6350 831
73 3926 4774 4247
74 4580 3664 847
75 4474 496 1289 5338 956
76 2566 5972 4995 9887
77 6043 8224 5502 6573 2160
78 6013
80 8290 4143 4641 3294 3535
81 2584 6739
82 3243 7233 810 7152 3119
83 3429 3649 8647 1195 2669
84 818 2934 5659 6227
85 2880 9350
86 3660 6555 2938 360 8098 4978 8880
87 2779
88 7321 7215 8389
89 9288 2497 4066 8722
90 5957 539 2514 3581
91 6144 4508
92 6640 3797 9169
93 3334 5825 7447
94 8234
95 5621 8361 8363 7747 8163 8008
96 5636
97 4402 8080 6208
98 4835 8174 3057
99 3722 5407 8208 5961 4808
100 400
101 3214 316 3841 191 8577 6103
102 9196 9933 1686 1567
103 2701 146 1479
104 1066 1963 9839 5838 2746
105 132 4107 3683
106 3665 4523 8099 6953
107 1964 7445 2816 9885
108 3182 449 2364
109 3739
110 8744
111 7510 2823 3588 1893
112 8827 9503 7903 6914 5204 2308
113 3454 5601
114 4819
115 5462 5388 7197 5726
116 2804 6420 535
117 2180 3502 1336 4142
118 6635 7317 8646 4659 5765
119 5929 3382
120 638 6116 5240 233
121 6331 7849 9959
122 5552 1034 1361 4888
123 2401 8294 9366
124 747 2379
125 6342
126 6974 8216 3735
127 3172
128 4496 1111
129 8498 7144 3054
130 4841 6338 9831
131 8915
132 7482 2076 7567
133 7105
134 794 155 8113 3537 5388
135 2596 2124 7817
136 9457 6565 2515 6060
137 433 2274
138 7953 6480 423 8683
139 3727
140 1302 6452
141 8993
142 2824
143 9194
144 4851
145 4970 5430 4370 2272
146 9568 2545 6540
147 2483 3693 7909
148 3481 9015 102 4572 4147
149 2830 357 2157 1164 6708
150 6033 9755 6345
151 932 1622 7044 5419
152 7281 4032 463 6492 7409 1017
153 2687 7248 8295 3152 6723 4225 8143 8714
154 4251
155 2602 8994 915
156 4284 5486 5462
157 6258 8858 6201 2495 1972 3404 1581
158 2000
159 9508 9867 8041 8443 809
160 3256 2745 4401
161 7063 2441
162 4187 6066 7425 1432
163 8986 7448
164 9466 4242 740 7965 7475
165 6195 6599 7465 2479
166 8935
167 706 293
168 2730 9388
169 592 354
170 783 2549
171 1431 7741 3634 6471
173 812
175 2430 1838 1423 3998
176 6158
177 6628 7480 9451 1285
178 8808 1108
179 3484 3144 7208
180 3846
181 83 9859 5525
182 4840 2925 8010 6611
183 4594 3227 7545 7389
184 2432 2638 7870 732 1309
185 6167 6594 5520
186 9060
187 3980 8957
188 6712
189 2044 4808 5407 741
190 4568 3077 4662
191 6332 7775 8204 8085
192 1719 5679
193 7362 8106 9484 5630
194 1600 6882 8785
195 5503 2291
196 72 9108
198 3211 1790 5153 8899
199 9655 738 4032
201 3283 3947
202 8295 4832 8542 9125 6626 9204
203 1176 9502 6231
204 5584 7627 1558
205 578 7111
206 6964 0 5997
207 7885 8253 4462 1394 649 8597
209 7116 7058
210 4158
213 8965 297 838 117
214 6665 632 3171
215 9725 5606
216 6341
217 4965 7807
218 3789 4995
219 1716 8368 5574
220 6055
221 8109 7232
223 7736 3415
224 8298 9862
225 8280 949 5347
226 5533 936
227 4151
228 4688 6269
229 9664
230 2503
231 1438
232 2125 7771
233 9409
235 4461 6952 7792 2658
236 3310 8579 8984 247
237 9087 3614 8145 616 7770
238 2119 6563 4243 4558 2296
239 9440 5920 4638 5428
240 7718 2707 7495
241 4696 7484 1063
242 3746
243 1664 6076 1740 3785 8138
244 7206
245 6439
246 2981 8287
247 8625
248 7522 2469 2089 3758
249 9967 9148
250 9835 9321 9266
251 174
252 5885
253 3193
254 4186 3404 4994 9414 7567 1151
255 3586 1291
256 5679
257 7797 5429 1379
258 6793 7231
259 3602 9993
260 3387 7641 2796 5880
262 9657 4310 1004
263 6008 4915 5660
264 7289
265 7090 3783 1398 624 1097
266 6275 4464
267 5179 7901
268 3381
269 8281 4291
272 9671
273 9317 2296 1451 9864 29
274 3249 2327 7329 1902
275 5256 5442
276 6042 6187
277 4088
278 16 8851
279 5710 3064
280 9791
281 3454
282 3716 7430 6594
283 6709 457
284 8501
285 8136 8600
286 1220 4326 4086
288 4422 1708
290 4470 8588 442
291 5662 7690
292 7859
296 6389
298 3604
299 2037 4010 3727
300 3723 8067
301 8609
302 9274
304 694 2464
306 1682 4332
307 8781 4478
308 7784
309 1628 4508
313 3523 3983
314 7163
315 7904
316 5816 1441 3594
317 8357 6179
318 3501 2730
319 7134 3536 1606 4014 2805
320 3416
321 2008 1540
322 6507
323 1259 9776
324 366
325 2925
326 1280 8399 5690 8739
327 8276 4252
328 5447 5359 2987
329 137 8061
330 8032 1176
331 9106 2013
332 1757 3097
336 5365
337 550 9522
338 4128
340 8952
341 7086
344 2491
346 8014 7503
348 6762 4387
349 7075
351 3324
352 4801 996
354 1562 3476 3216
355 4195
357 5734
358 6646
363 4431
364 8464 7685 5492
368 734 3812 9067
370 6502
375 2500 6461
376 9215
378 227
379 8707
380 312 9366
381 4821
384 9229
386 3525
387 3121
393 5277
394 2256
396 1847
398 5155
399 9566
402 250
404 8471
409 2215
410 9588
412 3097
413 5208
421 7239 8517
426 6470 9986
429 3959
430 2224
433 3928
438 7489
447 4837
450 1047
455 9305
457 5677
460 9711
461 2860
466 6880
476 138
486 9233
